autoconf
automake
basesystem
bash
bin86
binutils
bison
bzip2
coreutils
cpio
device-mapper
dhcpcd
dialog
diffutils
e2fsprogs
ed
eject
elvis
file
findutils
flex
g++
gawk
gcc
gettext
glibc
gnupg
gpm
grep
groff
grub
gzip
hdparm
iana-etc
ifupdown
init.d
installwatch
jed
jfsutils
kbd
less
libaal
libidn
libpcap
libtool
lilo
locale
lvm
lynx
m4
madwifi
make
man
mdadm
memtest86+
mktemp
module-init-tools
nano
ncurses
ndiswrapper
net-tools
netconf
netkit-base
netkit-ping
nfs-utils
openssl
parted
patch
pciutils
pcmciautils
perl
popt
portmap
ppp
procps
readline
reiser4progs
reiserfsprogs
rp-pppoe
rpmunpack
run-parts
sed
shadow
simpleinit-msb
slang
smgl-archspecs
smgl-fhs
sorcery-pubkeys
sysfsutils
tar
tcp_wrappers
texinfo
udev
unzip
util-linux
uudeview
wget
which
wireless_tools
xfsprogs
zlib
